<?xml version="1.0" encoding="UTF-8"?>
<!-- Generated by org.testng.reporters.JUnitReportReporter -->
<testsuite hostname="DESKTOP-36E45VO" failures="0" tests="2" name="TestLayer.Loginpage" time="14.846" errors="0" timestamp="2024-07-16T13:22:55 IST" skipped="0">
  <testcase classname="TestLayer.Loginpage" name="loginFunctionality" time="7.748"/>
  <system-out/>
  <testcase classname="TestLayer.Loginpage" name="loginFunctionality" time="7.098"/>
  <system-out/>
</testsuite> <!-- TestLayer.Loginpage -->
