<?xml version="1.0" encoding="UTF-8"?>
<!-- Generated by org.testng.reporters.JUnitReportReporter -->
<testsuite hostname="DESKTOP-36E45VO" failures="0" tests="22" name="TestLayer.HomePage" time="264.589" errors="0" timestamp="2024-07-12T21:06:27 IST" skipped="0">
  <testcase classname="TestLayer.HomePage" name="HomepageTitle" time="0.019"/>
  <system-out/>
  <testcase classname="TestLayer.HomePage" name="HomepageTitle" time="0.021"/>
  <system-out/>
  <testcase classname="TestLayer.HomePage" name="HomepageURL" time="0.054"/>
  <system-out/>
  <testcase classname="TestLayer.HomePage" name="HomepageURL" time="0.015"/>
  <system-out/>
  <testcase classname="TestLayer.HomePage" name="PIMpage" time="1.997"/>
  <system-out/>
  <testcase classname="TestLayer.HomePage" name="PIMpage" time="2.002"/>
  <system-out/>
  <testcase classname="TestLayer.HomePage" name="AddEmployee" time="15.808"/>
  <system-out/>
  <testcase classname="TestLayer.HomePage" name="AddEmployee" time="16.559"/>
  <system-out/>
  <testcase classname="TestLayer.HomePage" name="AddEmployee" time="15.655"/>
  <system-out/>
  <testcase classname="TestLayer.HomePage" name="AddEmployee" time="16.477"/>
  <system-out/>
  <testcase classname="TestLayer.HomePage" name="AddEmployee" time="15.610"/>
  <system-out/>
  <testcase classname="TestLayer.HomePage" name="AddEmployee" time="16.712"/>
  <system-out/>
  <testcase classname="TestLayer.HomePage" name="AddEmployee" time="16.086"/>
  <system-out/>
  <testcase classname="TestLayer.HomePage" name="AddEmployee" time="16.092"/>
  <system-out/>
  <testcase classname="TestLayer.HomePage" name="AddEmployee" time="16.655"/>
  <system-out/>
  <testcase classname="TestLayer.HomePage" name="AddEmployee" time="16.087"/>
  <system-out/>
  <testcase classname="TestLayer.HomePage" name="AddEmployee" time="16.250"/>
  <system-out/>
  <testcase classname="TestLayer.HomePage" name="AddEmployee" time="16.844"/>
  <system-out/>
  <testcase classname="TestLayer.HomePage" name="AddEmployee" time="17.362"/>
  <system-out/>
  <testcase classname="TestLayer.HomePage" name="AddEmployee" time="16.220"/>
  <system-out/>
  <testcase classname="TestLayer.HomePage" name="AddEmployee" time="16.478"/>
  <system-out/>
  <testcase classname="TestLayer.HomePage" name="AddEmployee" time="15.586"/>
  <system-out/>
</testsuite> <!-- TestLayer.HomePage -->
