<?xml version="1.0" encoding="UTF-8"?>
<!-- Generated by org.testng.reporters.JUnitReportReporter -->
<testsuite hostname="DESKTOP-36E45VO" failures="0" tests="1" name="TestLayer.newpage" time="0.010" errors="0" timestamp="2025-06-02T12:09:33 IST" skipped="0">
  <testcase classname="TestLayer.newpage" name="display" time="0.010"/>
  <system-out/>
</testsuite> <!-- TestLayer.newpage -->
