<?xml version="1.0" encoding="UTF-8"?>
<!-- Generated by org.testng.reporters.JUnitReportReporter -->
<testsuite hostname="DESKTOP-36E45VO" failures="0" tests="2" name="TestLayer.Loginpage" time="13.316" errors="0" timestamp="2024-07-12T21:06:27 IST" skipped="0">
  <testcase classname="TestLayer.Loginpage" name="loginFunctionality" time="6.657"/>
  <system-out/>
  <testcase classname="TestLayer.Loginpage" name="loginFunctionality" time="6.659"/>
  <system-out/>
</testsuite> <!-- TestLayer.Loginpage -->
